  Skeleton.cpp
D:\computer graphics shit\GrafikaHaziCsomag\Programs\Skeleton\Skeleton\framework.h(167,17): warning C4996: 'fopen': This function or variable may be unsafe. Consider using fopen_s instead. To disable deprecation, use _CRT_SECURE_NO_WARNINGS. See online help for details.
D:\computer graphics shit\GrafikaHaziCsomag\Programs\Skeleton\Skeleton\Skeleton.cpp(28,23): warning C4305: 'argument': truncation from 'double' to 'float'
D:\computer graphics shit\GrafikaHaziCsomag\Programs\Skeleton\Skeleton\Skeleton.cpp(28,46): warning C4305: 'argument': truncation from 'double' to 'float'
D:\computer graphics shit\GrafikaHaziCsomag\Programs\Skeleton\Skeleton\Skeleton.cpp(28,70): warning C4305: 'argument': truncation from 'double' to 'float'
D:\computer graphics shit\GrafikaHaziCsomag\Programs\Skeleton\Skeleton\Skeleton.cpp(28,93): warning C4305: 'argument': truncation from 'double' to 'float'
D:\computer graphics shit\GrafikaHaziCsomag\Programs\Skeleton\Skeleton\Skeleton.cpp(28,115): warning C4305: 'argument': truncation from 'double' to 'float'
D:\computer graphics shit\GrafikaHaziCsomag\Programs\Skeleton\Skeleton\Skeleton.cpp(29,24): warning C4305: 'argument': truncation from 'double' to 'float'
D:\computer graphics shit\GrafikaHaziCsomag\Programs\Skeleton\Skeleton\Skeleton.cpp(29,48): warning C4305: 'argument': truncation from 'double' to 'float'
D:\computer graphics shit\GrafikaHaziCsomag\Programs\Skeleton\Skeleton\Skeleton.cpp(29,71): warning C4305: 'argument': truncation from 'double' to 'float'
D:\computer graphics shit\GrafikaHaziCsomag\Programs\Skeleton\Skeleton\Skeleton.cpp(29,93): warning C4305: 'argument': truncation from 'double' to 'float'
D:\computer graphics shit\GrafikaHaziCsomag\Programs\Skeleton\Skeleton\Skeleton.cpp(29,116): warning C4305: 'argument': truncation from 'double' to 'float'
D:\computer graphics shit\GrafikaHaziCsomag\Programs\Skeleton\Skeleton\Skeleton.cpp(30,25): warning C4305: 'argument': truncation from 'double' to 'float'
D:\computer graphics shit\GrafikaHaziCsomag\Programs\Skeleton\Skeleton\Skeleton.cpp(30,48): warning C4305: 'argument': truncation from 'double' to 'float'
D:\computer graphics shit\GrafikaHaziCsomag\Programs\Skeleton\Skeleton\Skeleton.cpp(71,1): warning C4305: 'argument': truncation from 'double' to 'float'
D:\computer graphics shit\GrafikaHaziCsomag\Programs\Skeleton\Skeleton\Skeleton.cpp(158,11): warning C4244: 'initializing': conversion from 'double' to 'float', possible loss of data
D:\computer graphics shit\GrafikaHaziCsomag\Programs\Skeleton\Skeleton\Skeleton.cpp(218,1): warning C4305: 'argument': truncation from 'double' to 'float'
D:\computer graphics shit\GrafikaHaziCsomag\Programs\Skeleton\Skeleton\Skeleton.cpp(219,1): warning C4305: 'initializing': truncation from 'double' to 'float'
D:\computer graphics shit\GrafikaHaziCsomag\Programs\Skeleton\Skeleton\Skeleton.cpp(226,1): warning C4305: 'argument': truncation from 'double' to 'float'
D:\computer graphics shit\GrafikaHaziCsomag\Programs\Skeleton\Skeleton\Skeleton.cpp(227,1): warning C4305: 'argument': truncation from 'double' to 'float'
D:\computer graphics shit\GrafikaHaziCsomag\Programs\Skeleton\Skeleton\Skeleton.cpp(265,61): warning C4244: 'argument': conversion from 'double' to 'float', possible loss of data
  Generating code
  5 of 325 functions ( 1.5%) were compiled, the rest were copied from previous compilation.
    3 functions were new in current compilation
    2 functions had inline decision re-evaluated but remain unchanged
  Finished generating code
  Skeleton.vcxproj -> D:\computer graphics shit\GrafikaHaziCsomag\Programs\Skeleton\bin\Skeleton.exe
